<?xml version="1.0" encoding="UTF-8"?>
<!-- Generated by org.testng.reporters.JUnitReportReporter -->
<testsuite skipped="0" hostname="ADMINIB-U0RGV7D" name="TestCases.Flipkart.com.ProductSearch" tests="4" failures="0" timestamp="09 May 2017 01:23:18 GMT" time="28.426" errors="0">
  <testcase name="VerifyCurrentWindow" time="0.020" classname="TestCases.Flipkart.com.ProductSearch"/>
  <testcase name="VerifyURL" time="0.059" classname="TestCases.Flipkart.com.ProductSearch"/>
  <testcase name="searchiphone6" time="28.299" classname="TestCases.Flipkart.com.ProductSearch"/>
  <testcase name="VerifyTitle" time="0.048" classname="TestCases.Flipkart.com.ProductSearch"/>
</testsuite> <!-- TestCases.Flipkart.com.ProductSearch -->
