<?xml version="1.0" encoding="UTF-8"?>
<!-- Generated by org.testng.reporters.JUnitReportReporter -->
<testsuite skipped="0" hostname="ADMINIB-U0RGV7D" name="TestCases.Flipkart.com.ProductSearch" tests="4" failures="0" timestamp="09 May 2017 08:49:49 GMT" time="23.619" errors="0">
  <testcase name="VerifyCurrentWindow" time="0.010" classname="TestCases.Flipkart.com.ProductSearch"/>
  <testcase name="searchiphone6" time="23.530" classname="TestCases.Flipkart.com.ProductSearch"/>
  <testcase name="VerifyURL" time="0.026" classname="TestCases.Flipkart.com.ProductSearch"/>
  <testcase name="VerifyTitle" time="0.053" classname="TestCases.Flipkart.com.ProductSearch"/>
</testsuite> <!-- TestCases.Flipkart.com.ProductSearch -->
