<?xml version="1.0" encoding="UTF-8"?>
<!-- Generated by org.testng.reporters.JUnitReportReporter -->
<testsuite skipped="0" hostname="ADMINIB-U0RGV7D" name="TestCases.Flipkart.com.ProductSearch" tests="1" failures="0" timestamp="09 May 2017 01:00:05 GMT" time="0.023" errors="0">
  <testcase name="VerifyTitle" time="0.023" classname="TestCases.Flipkart.com.ProductSearch"/>
</testsuite> <!-- TestCases.Flipkart.com.ProductSearch -->
